This is pdfTeX, Version 3.141592653-2.6-1.40.22 (TeX Live 2022/dev/Debian) (preloaded format=pdflatex 2026.3.16)  8 MAY 2026 14:09
entering extended mode
 restricted \write18 enabled.
 file:line:error style messages enabled.
 %&-line parsing enabled.
**/home/marlon/repos/F-E_Scratch_Detektion/Recherche/Doku/Informationszusammenstellung.tex
(/home/marlon/repos/F-E_Scratch_Detektion/Recherche/Doku/Informationszusammenstellung.tex
LaTeX2e <2021-11-15> patch level 1
L3 programming layer <2022-01-21> (/usr/share/texlive/texmf-dist/tex/latex/base/article.cls
Document Class: article 2021/10/04 v1.4n Standard LaTeX document class
(/usr/share/texlive/texmf-dist/tex/latex/base/size11.clo
File: size11.clo 2021/10/04 v1.4n Standard LaTeX file (size option)
)
\c@part=\count185
\c@section=\count186
\c@subsection=\count187
\c@subsubsection=\count188
\c@paragraph=\count189
\c@subparagraph=\count190
\c@figure=\count191
\c@table=\count192
\abovecaptionskip=\skip47
\belowcaptionskip=\skip48
\bibindent=\dimen138
) (/usr/share/texlive/texmf-dist/tex/generic/babel/babel.sty
Package: babel 2022/01/26 3.70 The Babel package
\babel@savecnt=\count193
\U@D=\dimen139
\l@unhyphenated=\language87
 (/usr/share/texlive/texmf-dist/tex/generic/babel/txtbabel.def)
\bbl@readstream=\read2
\bbl@dirlevel=\count194
 (/usr/share/texlive/texmf-dist/tex/generic/babel-german/ngerman.ldf
Language: ngerman 2021/02/27 v2.13 German support for babel (post-1996 orthography)
 (/usr/share/texlive/texmf-dist/tex/generic/babel-german/ngermanb.ldf
Language: ngermanb 2021/02/27 v2.13 German support for babel (post-1996 orthography)
Package babel Info: Making " an active character on input line 122.
))) (/usr/share/texlive/texmf-dist/tex/latex/base/fontenc.sty
Package: fontenc 2021/04/29 v2.0v Standard LaTeX package
) (/usr/share/texlive/texmf-dist/tex/latex/base/inputenc.sty
Package: inputenc 2021/02/14 v1.3d Input encoding file
\inpenc@prehook=\toks16
\inpenc@posthook=\toks17
) (/usr/share/texmf/tex/latex/lm/lmodern.sty
Package: lmodern 2009/10/30 v1.6 Latin Modern Fonts
LaTeX Font Info:    Overwriting symbol font `operators' in version `normal'
(Font)                  OT1/cmr/m/n --> OT1/lmr/m/n on input line 22.
LaTeX Font Info:    Overwriting symbol font `letters' in version `normal'
(Font)                  OML/cmm/m/it --> OML/lmm/m/it on input line 23.
LaTeX Font Info:    Overwriting symbol font `symbols' in version `normal'
(Font)                  OMS/cmsy/m/n --> OMS/lmsy/m/n on input line 24.
LaTeX Font Info:    Overwriting symbol font `largesymbols' in version `normal'
(Font)                  OMX/cmex/m/n --> OMX/lmex/m/n on input line 25.
LaTeX Font Info:    Overwriting symbol font `operators' in version `bold'
(Font)                  OT1/cmr/bx/n --> OT1/lmr/bx/n on input line 26.
LaTeX Font Info:    Overwriting symbol font `letters' in version `bold'
(Font)                  OML/cmm/b/it --> OML/lmm/b/it on input line 27.
LaTeX Font Info:    Overwriting symbol font `symbols' in version `bold'
(Font)                  OMS/cmsy/b/n --> OMS/lmsy/b/n on input line 28.
LaTeX Font Info:    Overwriting symbol font `largesymbols' in version `bold'
(Font)                  OMX/cmex/m/n --> OMX/lmex/m/n on input line 29.
LaTeX Font Info:    Overwriting math alphabet `\mathbf' in version `normal'
(Font)                  OT1/cmr/bx/n --> OT1/lmr/bx/n on input line 31.
LaTeX Font Info:    Overwriting math alphabet `\mathsf' in version `normal'
(Font)                  OT1/cmss/m/n --> OT1/lmss/m/n on input line 32.
LaTeX Font Info:    Overwriting math alphabet `\mathit' in version `normal'
(Font)                  OT1/cmr/m/it --> OT1/lmr/m/it on input line 33.
LaTeX Font Info:    Overwriting math alphabet `\mathtt' in version `normal'
(Font)                  OT1/cmtt/m/n --> OT1/lmtt/m/n on input line 34.
LaTeX Font Info:    Overwriting math alphabet `\mathbf' in version `bold'
(Font)                  OT1/cmr/bx/n --> OT1/lmr/bx/n on input line 35.
LaTeX Font Info:    Overwriting math alphabet `\mathsf' in version `bold'
(Font)                  OT1/cmss/bx/n --> OT1/lmss/bx/n on input line 36.
LaTeX Font Info:    Overwriting math alphabet `\mathit' in version `bold'
(Font)                  OT1/cmr/bx/it --> OT1/lmr/bx/it on input line 37.
LaTeX Font Info:    Overwriting math alphabet `\mathtt' in version `bold'
(Font)                  OT1/cmtt/m/n --> OT1/lmtt/m/n on input line 38.
) (/usr/share/texlive/texmf-dist/tex/latex/geometry/geometry.sty
Package: geometry 2020/01/02 v5.9 Page Geometry
 (/usr/share/texlive/texmf-dist/tex/latex/graphics/keyval.sty
Package: keyval 2014/10/28 v1.15 key=value parser (DPC)
\KV@toks@=\toks18
) (/usr/share/texlive/texmf-dist/tex/generic/iftex/ifvtex.sty
Package: ifvtex 2019/10/25 v1.7 ifvtex legacy package. Use iftex instead.
 (/usr/share/texlive/texmf-dist/tex/generic/iftex/iftex.sty
Package: iftex 2020/03/06 v1.0d TeX engine tests
))
\Gm@cnth=\count195
\Gm@cntv=\count196
\c@Gm@tempcnt=\count197
\Gm@bindingoffset=\dimen140
\Gm@wd@mp=\dimen141
\Gm@odd@mp=\dimen142
\Gm@even@mp=\dimen143
\Gm@layoutwidth=\dimen144
\Gm@layoutheight=\dimen145
\Gm@layouthoffset=\dimen146
\Gm@layoutvoffset=\dimen147
\Gm@dimlist=\toks19
) (/usr/share/texlive/texmf-dist/tex/latex/microtype/microtype.sty
Package: microtype 2021/12/10 v3.0b Micro-typographical refinements (RS)
 (/usr/share/texlive/texmf-dist/tex/latex/etoolbox/etoolbox.sty
Package: etoolbox 2020/10/05 v2.5k e-TeX tools for LaTeX (JAW)
\etb@tempcnta=\count198
)
\MT@toks=\toks20
\MT@count=\count199
\MT@tempbox=\box50
LaTeX Info: Redefining \leftprotrusion on input line 1010.
LaTeX Info: Redefining \rightprotrusion on input line 1018.
LaTeX Info: Redefining \textls on input line 1173.
\MT@outer@kern=\dimen148
LaTeX Info: Redefining \textmicrotypecontext on input line 1759.
\MT@listname@count=\count266
 (/usr/share/texlive/texmf-dist/tex/latex/microtype/microtype-pdftex.def
File: microtype-pdftex.def 2021/12/10 v3.0b Definitions specific to pdftex (RS)
LaTeX Info: Redefining \lsstyle on input line 897.
LaTeX Info: Redefining \lslig on input line 897.
\MT@outer@space=\skip49
)
Package microtype Info: Loading configuration file microtype.cfg.
 (/usr/share/texlive/texmf-dist/tex/latex/microtype/microtype.cfg
File: microtype.cfg 2021/12/10 v3.0b microtype main configuration file (RS)
)) (/usr/share/texlive/texmf-dist/tex/latex/hyperref/hyperref.sty
Package: hyperref 2021-06-07 v7.00m Hypertext links for LaTeX
 (/usr/share/texlive/texmf-dist/tex/generic/ltxcmds/ltxcmds.sty
Package: ltxcmds 2020-05-10 v1.25 LaTeX kernel commands for general use (HO)
) (/usr/share/texlive/texmf-dist/tex/generic/pdftexcmds/pdftexcmds.sty
Package: pdftexcmds 2020-06-27 v0.33 Utility functions of pdfTeX for LuaTeX (HO)
 (/usr/share/texlive/texmf-dist/tex/generic/infwarerr/infwarerr.sty
Package: infwarerr 2019/12/03 v1.5 Providing info/warning/error messages (HO)
)
Package pdftexcmds Info: \pdf@primitive is available.
Package pdftexcmds Info: \pdf@ifprimitive is available.
Package pdftexcmds Info: \pdfdraftmode found.
) (/usr/share/texlive/texmf-dist/tex/generic/kvsetkeys/kvsetkeys.sty
Package: kvsetkeys 2019/12/15 v1.18 Key value parser (HO)
) (/usr/share/texlive/texmf-dist/tex/generic/kvdefinekeys/kvdefinekeys.sty
Package: kvdefinekeys 2019-12-19 v1.6 Define keys (HO)
) (/usr/share/texlive/texmf-dist/tex/generic/pdfescape/pdfescape.sty
Package: pdfescape 2019/12/09 v1.15 Implements pdfTeX's escape features (HO)
) (/usr/share/texlive/texmf-dist/tex/latex/hycolor/hycolor.sty
Package: hycolor 2020-01-27 v1.10 Color options for hyperref/bookmark (HO)
) (/usr/share/texlive/texmf-dist/tex/latex/letltxmacro/letltxmacro.sty
Package: letltxmacro 2019/12/03 v1.6 Let assignment for LaTeX macros (HO)
) (/usr/share/texlive/texmf-dist/tex/latex/auxhook/auxhook.sty
Package: auxhook 2019-12-17 v1.6 Hooks for auxiliary files (HO)
) (/usr/share/texlive/texmf-dist/tex/latex/kvoptions/kvoptions.sty
Package: kvoptions 2020-10-07 v3.14 Key value format for package options (HO)
)
\@linkdim=\dimen149
\Hy@linkcounter=\count267
\Hy@pagecounter=\count268
 (/usr/share/texlive/texmf-dist/tex/latex/hyperref/pd1enc.def
File: pd1enc.def 2021-06-07 v7.00m Hyperref: PDFDocEncoding definition (HO)
Now handling font encoding PD1 ...
... no UTF-8 mapping file for font encoding PD1
) (/usr/share/texlive/texmf-dist/tex/latex/hyperref/hyperref-langpatches.def
File: hyperref-langpatches.def 2021-06-07 v7.00m Hyperref: patches for babel languages
) (/usr/share/texlive/texmf-dist/tex/generic/intcalc/intcalc.sty
Package: intcalc 2019/12/15 v1.3 Expandable calculations with integers (HO)
) (/usr/share/texlive/texmf-dist/tex/generic/etexcmds/etexcmds.sty
Package: etexcmds 2019/12/15 v1.7 Avoid name clashes with e-TeX commands (HO)
)
\Hy@SavedSpaceFactor=\count269
 (/usr/share/texlive/texmf-dist/tex/latex/hyperref/puenc.def
File: puenc.def 2021-06-07 v7.00m Hyperref: PDF Unicode definition (HO)
Now handling font encoding PU ...
... no UTF-8 mapping file for font encoding PU
)
Package hyperref Info: Hyper figures OFF on input line 4192.
Package hyperref Info: Link nesting OFF on input line 4197.
Package hyperref Info: Hyper index ON on input line 4200.
Package hyperref Info: Plain pages OFF on input line 4207.
Package hyperref Info: Backreferencing OFF on input line 4212.
Package hyperref Info: Implicit mode ON; LaTeX internals redefined.
Package hyperref Info: Bookmarks ON on input line 4445.
\c@Hy@tempcnt=\count270
 (/usr/share/texlive/texmf-dist/tex/latex/url/url.sty
\Urlmuskip=\muskip16
Package: url 2013/09/16  ver 3.4  Verb mode for urls, etc.
)
LaTeX Info: Redefining \url on input line 4804.
\XeTeXLinkMargin=\dimen150
 (/usr/share/texlive/texmf-dist/tex/generic/bitset/bitset.sty
Package: bitset 2019/12/09 v1.3 Handle bit-vector datatype (HO)
 (/usr/share/texlive/texmf-dist/tex/generic/bigintcalc/bigintcalc.sty
Package: bigintcalc 2019/12/15 v1.5 Expandable calculations on big integers (HO)
))
\Fld@menulength=\count271
\Field@Width=\dimen151
\Fld@charsize=\dimen152
Package hyperref Info: Hyper figures OFF on input line 6076.
Package hyperref Info: Link nesting OFF on input line 6081.
Package hyperref Info: Hyper index ON on input line 6084.
Package hyperref Info: backreferencing OFF on input line 6091.
Package hyperref Info: Link coloring OFF on input line 6096.
Package hyperref Info: Link coloring with OCG OFF on input line 6101.
Package hyperref Info: PDF/A mode OFF on input line 6106.
LaTeX Info: Redefining \ref on input line 6146.
LaTeX Info: Redefining \pageref on input line 6150.
 (/usr/share/texlive/texmf-dist/tex/latex/base/atbegshi-ltx.sty
Package: atbegshi-ltx 2021/01/10 v1.0c Emulation of the original atbegshi
package with kernel methods
)
\Hy@abspage=\count272
\c@Item=\count273
\c@Hfootnote=\count274
)
Package hyperref Info: Driver (autodetected): hpdftex.
 (/usr/share/texlive/texmf-dist/tex/latex/hyperref/hpdftex.def
File: hpdftex.def 2021-06-07 v7.00m Hyperref driver for pdfTeX
 (/usr/share/texlive/texmf-dist/tex/latex/base/atveryend-ltx.sty
Package: atveryend-ltx 2020/08/19 v1.0a Emulation of the original atveryend package
with kernel methods
)
\Fld@listcount=\count275
\c@bookmark@seq@number=\count276
 (/usr/share/texlive/texmf-dist/tex/latex/rerunfilecheck/rerunfilecheck.sty
Package: rerunfilecheck 2019/12/05 v1.9 Rerun checks for auxiliary files (HO)
 (/usr/share/texlive/texmf-dist/tex/generic/uniquecounter/uniquecounter.sty
Package: uniquecounter 2019/12/15 v1.4 Provide unlimited unique counter (HO)
)
Package uniquecounter Info: New unique counter `rerunfilecheck' on input line 286.
)
\Hy@SectionHShift=\skip50
) (/usr/share/texlive/texmf-dist/tex/latex/xurl/xurl.sty
Package: xurl 2022/01/09 v 0.10 modify URL breaks
) (/usr/share/texlive/texmf-dist/tex/latex/booktabs/booktabs.sty
Package: booktabs 2020/01/12 v1.61803398 Publication quality tables
\heavyrulewidth=\dimen153
\lightrulewidth=\dimen154
\cmidrulewidth=\dimen155
\belowrulesep=\dimen156
\belowbottomsep=\dimen157
\aboverulesep=\dimen158
\abovetopsep=\dimen159
\cmidrulesep=\dimen160
\cmidrulekern=\dimen161
\defaultaddspace=\dimen162
\@cmidla=\count277
\@cmidlb=\count278
\@aboverulesep=\dimen163
\@belowrulesep=\dimen164
\@thisruleclass=\count279
\@lastruleclass=\count280
\@thisrulewidth=\dimen165
) (/usr/share/texlive/texmf-dist/tex/latex/tools/longtable.sty
Package: longtable 2021-09-01 v4.17 Multi-page Table package (DPC)
\LTleft=\skip51
\LTright=\skip52
\LTpre=\skip53
\LTpost=\skip54
\LTchunksize=\count281
\LTcapwidth=\dimen166
\LT@head=\box51
\LT@firsthead=\box52
\LT@foot=\box53
\LT@lastfoot=\box54
\LT@gbox=\box55
\LT@cols=\count282
\LT@rows=\count283
\c@LT@tables=\count284
\c@LT@chunks=\count285
\LT@p@ftn=\toks21
) (/usr/share/texlive/texmf-dist/tex/latex/tools/array.sty
Package: array 2021/10/04 v2.5f Tabular extension package (FMi)
\col@sep=\dimen167
\ar@mcellbox=\box56
\extrarowheight=\dimen168
\NC@list=\toks22
\extratabsurround=\skip55
\backup@length=\skip56
\ar@cellbox=\box57
) (/usr/share/texlive/texmf-dist/tex/latex/enumitem/enumitem.sty
Package: enumitem 2019/06/20 v3.9 Customized lists
\labelindent=\skip57
\enit@outerparindent=\dimen169
\enit@toks=\toks23
\enit@inbox=\box58
\enit@count@id=\count286
\enitdp@description=\count287
) (/usr/share/texlive/texmf-dist/tex/latex/csquotes/csquotes.sty
Package: csquotes 2021-02-22 v5.2l context-sensitive quotations (JAW)
\csq@reset=\count288
\csq@gtype=\count289
\csq@glevel=\count290
\csq@qlevel=\count291
\csq@maxlvl=\count292
\csq@tshold=\count293
\csq@ltx@everypar=\toks24
 (/usr/share/texlive/texmf-dist/tex/latex/csquotes/csquotes.def
File: csquotes.def 2021-02-22 v5.2l csquotes generic definitions (JAW)
)
Package csquotes Info: Trying to load configuration file 'csquotes.cfg'...
Package csquotes Info: ... configuration file loaded successfully.
 (/usr/share/texlive/texmf-dist/tex/latex/csquotes/csquotes.cfg
File: csquotes.cfg 
)) (/usr/share/texlive/texmf-dist/tex/latex/siunitx/siunitx.sty
Package: siunitx 2022-02-02 v3.0.46 A comprehensive (SI) units package
\l__siunitx_angle_tmp_dim=\dimen170
\l__siunitx_angle_marker_box=\box59
\l__siunitx_angle_unit_box=\box60
\l__siunitx_compound_count_int=\count294
 (/usr/share/texlive/texmf-dist/tex/latex/translations/translations.sty
Package: translations 2022/01/04 v1.11 internationalization of LaTeX2e packages (CN)
)
\l__siunitx_number_exponent_fixed_int=\count295
\l__siunitx_number_min_decimal_int=\count296
\l__siunitx_number_min_integer_int=\count297
\l__siunitx_number_round_precision_int=\count298
\l__siunitx_number_group_minimum_int=\count299
 (/usr/share/texlive/texmf-dist/tex/latex/amsmath/amstext.sty
Package: amstext 2021/08/26 v2.01 AMS text
 (/usr/share/texlive/texmf-dist/tex/latex/amsmath/amsgen.sty
File: amsgen.sty 1999/11/30 v2.0 generic functions
\@emptytoks=\toks25
\ex@=\dimen171
))
\l__siunitx_table_tmp_box=\box61
\l__siunitx_table_tmp_dim=\dimen172
\l__siunitx_table_column_width_dim=\dimen173
\l__siunitx_table_integer_box=\box62
\l__siunitx_table_decimal_box=\box63
\l__siunitx_table_before_box=\box64
\l__siunitx_table_after_box=\box65
\l__siunitx_table_before_dim=\dimen174
\l__siunitx_table_carry_dim=\dimen175
\l__siunitx_unit_tmp_int=\count300
\l__siunitx_unit_position_int=\count301
\l__siunitx_unit_total_int=\count302
 (/usr/share/texlive/texmf-dist/tex/latex/l3packages/l3keys2e/l3keys2e.sty (/usr/share/texlive/texmf-dist/tex/latex/l3kernel/expl3.sty
Package: expl3 2022-01-21 L3 programming layer (loader) 
 (/usr/share/texlive/texmf-dist/tex/latex/l3backend/l3backend-pdftex.def
File: l3backend-pdftex.def 2022-01-12 L3 backend support: PDF output (pdfTeX)
\l__color_backend_stack_int=\count303
\l__pdf_internal_box=\box66
))
Package: l3keys2e 2022-01-12 LaTeX2e option processing using LaTeX3 keys
))
Package hyperref Info: Option `colorlinks' set `true' on input line 27.
Package csquotes Info: Checking for multilingual support...
Package csquotes Info: ... found 'babel' package.
Package csquotes Info: Adjusting default style.
Package csquotes Info: Redefining alias 'default' -> 'ngerman'.
LaTeX Font Info:    Trying to load font information for T1+lmr on input line 34.
 (/usr/share/texmf/tex/latex/lm/t1lmr.fd
File: t1lmr.fd 2009/10/30 v1.6 Font defs for Latin Modern
) (./Informationszusammenstellung.aux)
\openout1 = `Informationszusammenstellung.aux'.

LaTeX Font Info:    Checking defaults for OML/cmm/m/it on input line 34.
LaTeX Font Info:    ... okay on input line 34.
LaTeX Font Info:    Checking defaults for OMS/cmsy/m/n on input line 34.
LaTeX Font Info:    ... okay on input line 34.
LaTeX Font Info:    Checking defaults for OT1/cmr/m/n on input line 34.
LaTeX Font Info:    ... okay on input line 34.
LaTeX Font Info:    Checking defaults for T1/cmr/m/n on input line 34.
LaTeX Font Info:    ... okay on input line 34.
LaTeX Font Info:    Checking defaults for TS1/cmr/m/n on input line 34.
LaTeX Font Info:    ... okay on input line 34.
LaTeX Font Info:    Checking defaults for OMX/cmex/m/n on input line 34.
LaTeX Font Info:    ... okay on input line 34.
LaTeX Font Info:    Checking defaults for U/cmr/m/n on input line 34.
LaTeX Font Info:    ... okay on input line 34.
LaTeX Font Info:    Checking defaults for PD1/pdf/m/n on input line 34.
LaTeX Font Info:    ... okay on input line 34.
LaTeX Font Info:    Checking defaults for PU/pdf/m/n on input line 34.
LaTeX Font Info:    ... okay on input line 34.

*geometry* driver: auto-detecting
*geometry* detected driver: pdftex
*geometry* verbose mode - [ preamble ] result:
* driver: pdftex
* paper: a4paper
* layout: <same size as paper>
* layoutoffset:(h,v)=(0.0pt,0.0pt)
* modes: 
* h-part:(L,W,R)=(71.13188pt, 455.24411pt, 71.13188pt)
* v-part:(T,H,B)=(71.13188pt, 694.24725pt, 79.66771pt)
* \paperwidth=597.50787pt
* \paperheight=845.04684pt
* \textwidth=455.24411pt
* \textheight=694.24725pt
* \oddsidemargin=-1.1381pt
* \evensidemargin=-1.1381pt
* \topmargin=-38.1381pt
* \headheight=12.0pt
* \headsep=25.0pt
* \topskip=11.0pt
* \footskip=30.0pt
* \marginparwidth=50.0pt
* \marginparsep=10.0pt
* \columnsep=10.0pt
* \skip\footins=10.0pt plus 4.0pt minus 2.0pt
* \hoffset=0.0pt
* \voffset=0.0pt
* \mag=1000
* \@twocolumnfalse
* \@twosidefalse
* \@mparswitchfalse
* \@reversemarginfalse
* (1in=72.27pt=25.4mm, 1cm=28.453pt)

LaTeX Info: Redefining \microtypecontext on input line 34.
Package microtype Info: Applying patch `item' on input line 34.
Package microtype Info: Applying patch `toc' on input line 34.
Package microtype Info: Applying patch `eqnum' on input line 34.
Package microtype Info: Applying patch `footnote' on input line 34.
Package microtype Info: Generating PDF output.
Package microtype Info: Character protrusion enabled (level 2).
Package microtype Info: Using default protrusion set `alltext'.
Package microtype Info: Automatic font expansion enabled (level 2),
(microtype)             stretch: 20, shrink: 20, step: 1, non-selected.
Package microtype Info: Using default expansion set `alltext-nott'.
LaTeX Info: Redefining \showhyphens on input line 34.
Package microtype Info: No adjustment of tracking.
Package microtype Info: No adjustment of interword spacing.
Package microtype Info: No adjustment of character kerning.
(/usr/share/texlive/texmf-dist/tex/latex/microtype/mt-cmr.cfg
File: mt-cmr.cfg 2013/05/19 v2.2 microtype config. file: Computer Modern Roman (RS)
) (/usr/share/texlive/texmf-dist/tex/latex/graphics/color.sty
Package: color 2021/12/07 v1.3c Standard LaTeX Color (DPC)
 (/usr/share/texlive/texmf-dist/tex/latex/graphics-cfg/color.cfg
File: color.cfg 2016/01/02 v1.6 sample color configuration
)
Package color Info: Driver file: pdftex.def on input line 149.
 (/usr/share/texlive/texmf-dist/tex/latex/graphics-def/pdftex.def
File: pdftex.def 2020/10/05 v1.2a Graphics/color driver for pdftex
 (/usr/share/texlive/texmf-dist/tex/context/base/mkii/supp-pdf.mkii
[Loading MPS to PDF converter (version 2006.09.02).]
\scratchcounter=\count304
\scratchdimen=\dimen176
\scratchbox=\box67
\nofMPsegments=\count305
\nofMParguments=\count306
\everyMPshowfont=\toks26
\MPscratchCnt=\count307
\MPscratchDim=\dimen177
\MPnumerator=\count308
\makeMPintoPDFobject=\count309
\everyMPtoPDFconversion=\toks27
)))
Package hyperref Info: Link coloring ON on input line 34.
 (/usr/share/texlive/texmf-dist/tex/latex/hyperref/nameref.sty
Package: nameref 2021-04-02 v2.47 Cross-referencing by name of section
 (/usr/share/texlive/texmf-dist/tex/latex/refcount/refcount.sty
Package: refcount 2019/12/15 v3.6 Data extraction from label references (HO)
) (/usr/share/texlive/texmf-dist/tex/generic/gettitlestring/gettitlestring.sty
Package: gettitlestring 2019/12/15 v1.6 Cleanup title references (HO)
)
\c@section@level=\count310
)
LaTeX Info: Redefining \ref on input line 34.
LaTeX Info: Redefining \pageref on input line 34.
LaTeX Info: Redefining \nameref on input line 34.
 (./Informationszusammenstellung.out) (./Informationszusammenstellung.out)
\@outlinefile=\write3
\openout3 = `Informationszusammenstellung.out'.

 (/usr/share/texlive/texmf-dist/tex/latex/translations/translations-basic-dictionary-german.trsl
File: translations-basic-dictionary-german.trsl (german translation file `translations-basic-dictionary')
)
Package translations Info: loading dictionary `translations-basic-dictionary' for `german'. on input line 34.
LaTeX Font Info:    Trying to load font information for OT1+lmr on input line 36.
 (/usr/share/texmf/tex/latex/lm/ot1lmr.fd
File: ot1lmr.fd 2009/10/30 v1.6 Font defs for Latin Modern
)
LaTeX Font Info:    Trying to load font information for OML+lmm on input line 36.
 (/usr/share/texmf/tex/latex/lm/omllmm.fd
File: omllmm.fd 2009/10/30 v1.6 Font defs for Latin Modern
)
LaTeX Font Info:    Trying to load font information for OMS+lmsy on input line 36.
 (/usr/share/texmf/tex/latex/lm/omslmsy.fd
File: omslmsy.fd 2009/10/30 v1.6 Font defs for Latin Modern
)
LaTeX Font Info:    Trying to load font information for OMX+lmex on input line 36.
 (/usr/share/texmf/tex/latex/lm/omxlmex.fd
File: omxlmex.fd 2009/10/30 v1.6 Font defs for Latin Modern
)
LaTeX Font Info:    External font `lmex10' loaded for size
(Font)              <12> on input line 36.
LaTeX Font Info:    External font `lmex10' loaded for size
(Font)              <8> on input line 36.
LaTeX Font Info:    External font `lmex10' loaded for size
(Font)              <6> on input line 36.
 (./Informationszusammenstellung.toc
LaTeX Font Info:    External font `lmex10' loaded for size
(Font)              <10.95> on input line 4.
 [1

{/var/lib/texmf/fonts/map/pdftex/updmap/pdftex.map}])
\tf@toc=\write4
\openout4 = `Informationszusammenstellung.toc'.

 [2] [3] [4]
Overfull \hbox (8.28352pt too wide) in paragraph at lines 104--105
[]\T1/lmr/m/n/10.95 (-20) In der In-for-ma-ti-ons-samm-lung wird zu-sätz-lich SCS-YOLOv8 ge-nannt, ein ver-bes-ser-tes YOLOv8n-
 []

[5]
Overfull \hbox (6.071pt too wide) in paragraph at lines 128--128
[]\T1/lmr/bx/n/14.4 (-20) Lösungsansatz 5: Transformer- und Vision-Transformer-basierte
 []

[6] [7] [8]
Underfull \hbox (badness 10000) in paragraph at lines 195--196
[]|\T1/lmr/bx/n/10.95 (+20) Relevanz für
 []


Overfull \hbox (19.0227pt too wide) in alignment at lines 192--197
 [] [] [] [] [] 
 []


Underfull \hbox (badness 10000) in paragraph at lines 199--200
[]|\T1/lmr/bx/n/10.95 (+20) Relevanz für
 []


Overfull \hbox (19.0227pt too wide) in alignment at lines 197--201
 [] [] [] [] [] 
 []


Underfull \hbox (badness 2846) in paragraph at lines 202--202
\T1/lmr/m/n/10.95 (+20) Cra-zing, In-clu-si-on,
 []


Overfull \hbox (5.78537pt too wide) in paragraph at lines 202--203
[]|\T1/lmr/m/n/10.95 (-20) Standarddatensatz
 []


Underfull \hbox (badness 10000) in paragraph at lines 202--203
\T1/lmr/m/n/10.95 (+20) für Me-tal-lo-ber-
 []


Underfull \hbox (badness 6141) in paragraph at lines 202--203
\T1/lmr/m/n/10.95 (+20) flä-chen; ent-hält
 []


Underfull \hbox (badness 10000) in paragraph at lines 202--203
\T1/lmr/m/n/10.95 (+20) ex-pli-zit Scrat-
 []


Underfull \hbox (badness 10000) in paragraph at lines 202--203
\T1/lmr/m/n/10.95 (+20) ches, aber
 []


Underfull \hbox (badness 10000) in paragraph at lines 202--203
\T1/lmr/m/n/10.95 (+20) Ma-te-ri-al-be-zug
 []


Underfull \hbox (badness 10000) in paragraph at lines 203--203
[]|\T1/lmr/m/n/10.95 (+20) Stahlplatten-
 []


Underfull \hbox (badness 10000) in paragraph at lines 203--203
\T1/lmr/m/n/10.95 (+20) Oberflächendefekte
 []


Underfull \hbox (badness 10000) in paragraph at lines 203--203
[]|\T1/lmr/m/n/10.95 (+20) 2294 Bil-der
 []


Underfull \hbox (badness 10000) in paragraph at lines 203--203
\T1/lmr/m/n/10.95 (+20) rei-ni-gung, 10
 []


Underfull \hbox (badness 10000) in paragraph at lines 203--204
\T1/lmr/m/n/10.95 (+20) duk-ti-ons-da-ten
 []


Underfull \hbox (badness 10000) in paragraph at lines 203--204
\T1/lmr/m/n/10.95 (+20) klei-ne De-fek-te;
 []


Underfull \hbox (badness 10000) in paragraph at lines 203--204
\T1/lmr/m/n/10.95 (+20) laut Re-view
 []


Underfull \hbox (badness 10000) in paragraph at lines 203--204
\T1/lmr/m/n/10.95 (+20) star-ke Klas-
 []


Underfull \hbox (badness 10000) in paragraph at lines 203--204
\T1/lmr/m/n/10.95 (+20) se-nim-ba-lan-ce
 []


Underfull \hbox (badness 10000) in paragraph at lines 204--204
[]|\T1/lmr/m/n/10.95 (+20) Tianchi Alu-mi-
 []


Underfull \hbox (badness 10000) in paragraph at lines 204--204
\T1/lmr/m/n/10.95 (+20) num Sur-face
 []


Underfull \hbox (badness 10000) in paragraph at lines 204--204
[]|\T1/lmr/m/n/10.95 (+20) Aluminiumprofil-
 []


Underfull \hbox (badness 10000) in paragraph at lines 204--205
[]|\T1/lmr/m/n/10.95 (+20) Besonders re-
 []


Underfull \hbox (badness 10000) in paragraph at lines 204--205
\T1/lmr/m/n/10.95 (+20) le-vant, falls
 []


Underfull \hbox (badness 10000) in paragraph at lines 204--205
\T1/lmr/m/n/10.95 (+20) das ei-ge-ne
 []


Underfull \hbox (badness 10000) in paragraph at lines 204--205
\T1/lmr/m/n/10.95 (+20) Pro-jekt Alu-mi-
 []


Underfull \hbox (badness 10000) in paragraph at lines 204--205
\T1/lmr/m/n/10.95 (+20) ni-u-mo-ber-flä-chen
 []


Underfull \hbox (badness 10000) in paragraph at lines 204--205
\T1/lmr/m/n/10.95 (+20) Auf-lö-sung und
 []


Underfull \hbox (badness 10000) in paragraph at lines 204--205
\T1/lmr/m/n/10.95 (+20) rea-ler in-dus-tri-
 []


Underfull \hbox (badness 10000) in paragraph at lines 204--205
\T1/lmr/m/n/10.95 (+20) el-ler Ur-sprung
 []


Underfull \hbox (badness 10000) in paragraph at lines 205--206
[]|\T1/lmr/m/n/10.95 (+20) Ergänzender
 []


Underfull \hbox (badness 10000) in paragraph at lines 205--206
\T1/lmr/m/n/10.95 (+12) Stahloberflächen-
 []


Underfull \hbox (badness 10000) in paragraph at lines 205--206
\T1/lmr/m/n/10.95 (+20) Datensatz für
 []


Underfull \hbox (badness 10000) in paragraph at lines 205--206
\T1/lmr/m/n/10.95 (+20) De-tek-ti-ons-mo-
 []


Overfull \hbox (31.7011pt too wide) in paragraph at lines 206--206
[]|\T1/lmr/m/n/10.95 (-20) Schienenoberflächendefekte| 
 []


Underfull \hbox (badness 2393) in paragraph at lines 206--207
[]|\T1/lmr/m/n/10.95 (+20) Kleiner spe-zia-li-
 []


Underfull \hbox (badness 10000) in paragraph at lines 207--207
\T1/lmr/m/n/10.95 (+20) In-spek-ti-onss-ze-na-ri-
 []


Underfull \hbox (badness 10000) in paragraph at lines 207--207
[]|\T1/lmr/m/n/10.95 (+20) Mehrere
 []


Underfull \hbox (badness 10000) in paragraph at lines 207--207
\T1/lmr/m/n/10.95 (+20) Objekt- und
 []


Underfull \hbox (badness 10000) in paragraph at lines 207--207
\T1/lmr/m/n/10.95 (+6) Tex-tur-ka-te-go-ri-
 []


Underfull \hbox (badness 1668) in paragraph at lines 207--207
\T1/lmr/m/n/10.95 (+20) ken für Tes-t-an-
 []


Underfull \hbox (badness 10000) in paragraph at lines 207--208
\T1/lmr/m/n/10.95 (+20) un-über-wach-te
 []


Underfull \hbox (badness 10000) in paragraph at lines 207--208
\T1/lmr/m/n/10.95 (+20) An-oma-li-e-er-
 []


Underfull \hbox (badness 10000) in paragraph at lines 207--208
\T1/lmr/m/n/10.95 (+20) ken-nung und
 []


Underfull \hbox (badness 10000) in paragraph at lines 207--208
\T1/lmr/m/n/10.95 (+20) Seg-men-tie-rungs-
 []


Underfull \hbox (badness 10000) in paragraph at lines 207--208
\T1/lmr/m/n/10.95 (+20) aus-wer-tung,
 []


Underfull \hbox (badness 7631) in paragraph at lines 207--208
\T1/lmr/m/n/10.95 (+20) al-ler-dings nicht
 []


Underfull \hbox (badness 10000) in paragraph at lines 207--208
\T1/lmr/m/n/10.95 (+20) spe-zi-fisch nur
 []


Underfull \hbox (badness 3118) in paragraph at lines 208--209
\T1/lmr/m/n/10.95 (+20) zur Benchmark-
 []


Underfull \hbox (badness 10000) in paragraph at lines 208--209
\T1/lmr/m/n/10.95 (+20) Evaluation
 []


Underfull \hbox (badness 1728) in paragraph at lines 208--209
\T1/lmr/m/n/10.95 (+20) ge-nutzt; ent-hält
 []


Underfull \hbox (badness 10000) in paragraph at lines 208--209
\T1/lmr/m/n/10.95 (+20) an-spruchs-vol-le-re
 []


Underfull \hbox (badness 10000) in paragraph at lines 208--209
\T1/lmr/m/n/10.95 (+20) An-oma-li-en als
 []


Underfull \hbox (badness 5217) in paragraph at lines 209--209
\T1/lmr/m/n/10.95 (+20) tu-rel-le in-dus-tri-el-le
 []


Underfull \hbox (badness 7433) in paragraph at lines 209--210
[]|\T1/lmr/m/n/10.95 (+20) Relevant, wenn
 []


Underfull \hbox (badness 3449) in paragraph at lines 209--210
\T1/lmr/m/n/10.95 (+20) nicht nur lo-ka-
 []


Underfull \hbox (badness 1082) in paragraph at lines 209--210
\T1/lmr/m/n/10.95 (+20) le Krat-zer, son-
 []


Underfull \hbox (badness 1163) in paragraph at lines 209--210
\T1/lmr/m/n/10.95 (+20) le Plau-si-bi-li-täts-
 []


Underfull \hbox (badness 2443) in paragraph at lines 209--210
\T1/lmr/m/n/10.95 (+20) trach-tet wer-den
 []


Underfull \hbox (badness 10000) in paragraph at lines 210--210
[]|\T1/lmr/m/n/10.95 (+20) KolektorSDD /
 []


Underfull \hbox (badness 10000) in paragraph at lines 210--210
\T1/lmr/m/n/10.95 (+20) auf in-dus-tri-el-len
 []


Underfull \hbox (badness 1817) in paragraph at lines 210--210
[]|\T1/lmr/m/n/10.95 (+20) In der be-reit-
 []


Underfull \hbox (badness 6542) in paragraph at lines 210--210
\T1/lmr/m/n/10.95 (+20) ge-stell-ten No-
 []


Underfull \hbox (badness 10000) in paragraph at lines 210--211
[]|\T1/lmr/m/n/10.95 (+20) Wegen fei-ner
 []


Underfull \hbox (badness 10000) in paragraph at lines 210--211
\T1/lmr/m/n/10.95 (+20) Krat-zer und
 []


Underfull \hbox (badness 10000) in paragraph at lines 210--211
\T1/lmr/m/n/10.95 (+20) Seg-men-tie-rungs-
 []


Underfull \hbox (badness 10000) in paragraph at lines 210--211
\T1/lmr/m/n/10.95 (+20) mas-ken be-son-
 []


Underfull \hbox (badness 4205) in paragraph at lines 210--211
\T1/lmr/m/n/10.95 (+20) ders in-ter-essant
 []


Underfull \hbox (badness 10000) in paragraph at lines 210--211
\T1/lmr/m/n/10.95 (+20) für Krat-zer-
 []


Underfull \hbox (badness 10000) in paragraph at lines 210--211
\T1/lmr/m/n/10.95 (+20) seg-men-tie-rung
 []


Underfull \hbox (badness 1817) in paragraph at lines 211--211
[]|\T1/lmr/m/n/10.95 (+20) In der be-reit-
 []


Underfull \hbox (badness 6542) in paragraph at lines 211--211
\T1/lmr/m/n/10.95 (+20) ge-stell-ten No-
 []


Underfull \hbox (badness 10000) in paragraph at lines 211--211
[]|\T1/lmr/m/n/10.95 (+20) Defektbezogene
 []


Underfull \hbox (badness 10000) in paragraph at lines 211--212
[]|\T1/lmr/m/n/10.95 (+20) Nützlich als
 []


Underfull \hbox (badness 10000) in paragraph at lines 211--212
\T1/lmr/m/n/10.95 (+20) all-ge-mei-ner
 []


Underfull \hbox (badness 10000) in paragraph at lines 211--212
\T1/lmr/m/n/10.95 (+20) Texturdefekt-
 []


Underfull \hbox (badness 2103) in paragraph at lines 211--212
\T1/lmr/m/n/10.95 (+20) Datensatz, aber
 []


Underfull \hbox (badness 10000) in paragraph at lines 211--212
\T1/lmr/m/n/10.95 (+20) nicht metall-
 []


Underfull \hbox (badness 10000) in paragraph at lines 211--212
\T1/lmr/m/n/10.95 (+20) oder kratzer-
 []


Overfull \hbox (19.0227pt too wide) in alignment at lines 201--213
 [] [] [] [] [] 
 []

[9] [10] [11] [12]
Overfull \hbox (2.46584pt too wide) in alignment at lines 263--268
 [] [] [] [] 
 []


Overfull \hbox (2.46584pt too wide) in alignment at lines 268--272
 [] [] [] [] 
 []


Underfull \hbox (badness 10000) in paragraph at lines 273--273
[]|\T1/lmr/m/n/10.95 (+20) Shape-from-
 []


Underfull \hbox (badness 10000) in paragraph at lines 273--273
[]|\T1/lmr/m/n/10.95 (+20) Verbessert Sicht-bar-
 []


Underfull \hbox (badness 10000) in paragraph at lines 273--273
\T1/lmr/m/n/10.95 (+20) keit geo-me-tri-scher
 []


Underfull \hbox (badness 1237) in paragraph at lines 273--273
\T1/lmr/m/n/10.95 (+20) hilf-reich bei Re-fle-xi-
 []


Underfull \hbox (badness 5862) in paragraph at lines 273--273
[]|\T1/lmr/m/n/10.95 (+20) Benötigt kon-trol-lier-
 []


Underfull \hbox (badness 8113) in paragraph at lines 273--273
\T1/lmr/m/n/10.95 (+20) te Mehr-fach-be-leuch-
 []


Underfull \hbox (badness 7540) in paragraph at lines 273--273
\T1/lmr/m/n/10.95 (+20) tung und Ka-li-brie-
 []


Underfull \hbox (badness 2368) in paragraph at lines 273--273
\T1/lmr/m/n/10.95 (+20) rung; ab-hän-gig von
 []


Underfull \hbox (badness 10000) in paragraph at lines 273--274
[]|\T1/lmr/m/n/10.95 (+20) Sehr sinn-voll als
 []


Underfull \hbox (badness 10000) in paragraph at lines 273--274
\T1/lmr/m/n/10.95 (+20) Bildaufnahme-
 []


Overfull \hbox (4.0441pt too wide) in paragraph at lines 273--274
\T1/lmr/m/n/10.95 (-20) /Vorverarbeitungskonzept,
 []


Underfull \hbox (badness 10000) in paragraph at lines 274--274
[]|\T1/lmr/m/n/10.95 (+20) CNN-
 []


Underfull \hbox (badness 2644) in paragraph at lines 275--275
[]|\T1/lmr/m/n/10.95 (+20) Schnell, de-ploy-ment-
 []


Underfull \hbox (badness 10000) in paragraph at lines 275--275
\T1/lmr/m/n/10.95 (+20) freund-lich, ge-eig-net
 []


Underfull \hbox (badness 3965) in paragraph at lines 275--275
\T1/lmr/m/n/10.95 (+20) für Echt-zeit; lie-fert
 []


Underfull \hbox (badness 10000) in paragraph at lines 275--275
[]|\T1/lmr/m/n/10.95 (+20) Sehr klei-ne/lange
 []


Underfull \hbox (badness 10000) in paragraph at lines 275--275
\T1/lmr/m/n/10.95 (+20) Krat-zer schwer;
 []


Underfull \hbox (badness 10000) in paragraph at lines 275--275
\T1/lmr/m/n/10.95 (+20) be-nö-tigt Box-
 []


Underfull \hbox (badness 4341) in paragraph at lines 276--276
[]|\T1/lmr/m/n/10.95 (+20) Faster/Mask R-
 []


Underfull \hbox (badness 2865) in paragraph at lines 276--276
\T1/lmr/m/n/10.95 (+20) ar-bei-tung; Mask R-
 []


Underfull \hbox (badness 6348) in paragraph at lines 276--276
[]|\T1/lmr/m/n/10.95 (+20) Langsamer und re-
 []


Underfull \hbox (badness 1325) in paragraph at lines 276--276
\T1/lmr/m/n/10.95 (+20) chen-in-ten-si-ver; mehr
 []


Overfull \hbox (36.08086pt too wide) in paragraph at lines 277--277
[]|\T1/lmr/m/n/10.95 (-20) Transformer/ViT/DETR| 
 []


Underfull \hbox (badness 10000) in paragraph at lines 277--277
[]|\T1/lmr/m/n/10.95 (+20) Globale Kon-text-
 []


Underfull \hbox (badness 10000) in paragraph at lines 277--277
\T1/lmr/m/n/10.95 (+20) mo-del-lie-rung; stark
 []


Underfull \hbox (badness 3068) in paragraph at lines 277--277
\T1/lmr/m/n/10.95 (+20) bei kom-ple-xen Hin-
 []


Underfull \hbox (badness 10000) in paragraph at lines 277--277
\T1/lmr/m/n/10.95 (+20) ter-grün-den und
 []


Underfull \hbox (badness 6047) in paragraph at lines 277--277
\T1/lmr/m/n/10.95 (+20) sät-ze pro-ble-ma-tisch;
 []


Underfull \hbox (badness 6380) in paragraph at lines 277--278
[]|\T1/lmr/m/n/10.95 (+20) Interessant als fort-ge-
 []


Underfull \hbox (badness 10000) in paragraph at lines 278--278
[]|\T1/lmr/m/n/10.95 (+20) FPN/Multi-
 []


Underfull \hbox (badness 4556) in paragraph at lines 278--278
[]|\T1/lmr/m/n/10.95 (+20) Erhöht Kom-ple-xi-tät
 []


Underfull \hbox (badness 10000) in paragraph at lines 279--279
[]|\T1/lmr/m/n/10.95 (+20) Training mit Nor-
 []


Underfull \hbox (badness 10000) in paragraph at lines 279--279
\T1/lmr/m/n/10.95 (+20) mal-bil-dern mög-lich;
 []


Underfull \hbox (badness 10000) in paragraph at lines 279--279
\T1/lmr/m/n/10.95 (+20) schnel-le In-fe-renz;
 []


Underfull \hbox (badness 3547) in paragraph at lines 279--279
\T1/lmr/m/n/10.95 (+20) An-oma-ly Maps zur
 []


Underfull \hbox (badness 10000) in paragraph at lines 279--279
[]|\T1/lmr/m/n/10.95 (+20) Erkennt An-oma-li-en,
 []


Underfull \hbox (badness 10000) in paragraph at lines 279--279
\T1/lmr/m/n/10.95 (+20) nicht au-to-ma-tisch
 []


Underfull \hbox (badness 10000) in paragraph at lines 279--279
\T1/lmr/m/n/10.95 (+20) ^^R  Krat-zer^^P; emp-
 []


Underfull \hbox (badness 10000) in paragraph at lines 279--279
\T1/lmr/m/n/10.95 (+20) find-lich ge-gen-über
 []


Overfull \hbox (2.46584pt too wide) in alignment at lines 272--281
 [] [] [] [] 
 []

[13] [14]
LaTeX Font Info:    Trying to load font information for T1+lmtt on input line 297.
 (/usr/share/texmf/tex/latex/lm/t1lmtt.fd
File: t1lmtt.fd 2009/10/30 v1.6 Font defs for Latin Modern
)
Package microtype Info: Loading generic protrusion settings for font family
(microtype)             `lmtt' (encoding: T1).
(microtype)             For optimal results, create family-specific settings.
(microtype)             See the microtype manual for details.

Underfull \hbox (badness 10000) in paragraph at lines 297--298
[]\T1/lmr/m/n/10.95 (+20) Hochschule Karls-ru-he, Auf-ga-ben-stel-lung Pro-jekt-ar-beit: \T1/lmr/m/it/10.95 (+20) Ent-wi-ckeln ei-ner op-ti-
 []


Underfull \hbox (badness 5741) in paragraph at lines 297--298
\T1/lmr/m/it/10.95 (+20) schen Krat-ze-rer-ken-nung auf me-tal-li-schen Ober-flä-chen\T1/lmr/m/n/10.95 (+20) , be-reit-ge-stell-te PDF-Datei
 []


Underfull \hbox (badness 2376) in paragraph at lines 312--313
[]\T1/lmr/m/n/10.95 (+20) V. En-geln, \T1/lmr/m/it/10.95 (+20) De-fect de-tec-ti-on in me-tal ob-jects using a pre-trained Vi-si-on Trans-
 []


Underfull \hbox (badness 1270) in paragraph at lines 312--313
\T1/lmr/m/it/10.95 (+20) for-mer mo-del\T1/lmr/m/n/10.95 (+20) , Mas-ter The-sis, Til-burg Uni-ver-si-ty, 2022. Be-reit-ge-stell-te PDF-Datei
 []

[15] (./Informationszusammenstellung.aux)
Package rerunfilecheck Info: File `Informationszusammenstellung.out' has not changed.
(rerunfilecheck)             Checksum: 1D1DA5F34A85E90298FC4DB06243070B;8998.
 ) 
Here is how much of TeX's memory you used:
 16610 strings out of 478287
 317657 string characters out of 5849289
 655748 words of memory out of 5000000
 34357 multiletter control sequences out of 15000+600000
 526906 words of font info for 137 fonts, out of 8000000 for 9000
 1141 hyphenation exceptions out of 8191
 70i,6n,79p,1081b,963s stack positions out of 5000i,500n,10000p,200000b,80000s
{/usr/share/texmf/fonts/enc/dvips/lm/lm-ec.enc}{/usr/share/texmf/fonts/enc/dvips/lm/lm-mathsy.enc}{/usr/share/texmf/fonts/enc/dvips/lm/lm-rm.enc}</usr/share/texmf/fonts/type1/public/lm/lmbx10.pfb></usr/share/texmf/fonts/type1/public/lm/lmbx12.pfb></usr/share/texmf/fonts/type1/public/lm/lmr10.pfb></usr/share/texmf/fonts/type1/public/lm/lmr12.pfb></usr/share/texmf/fonts/type1/public/lm/lmri10.pfb></usr/share/texmf/fonts/type1/public/lm/lmsy10.pfb></usr/share/texmf/fonts/type1/public/lm/lmtt10.pfb>
Output written on Informationszusammenstellung.pdf (15 pages, 244819 bytes).
PDF statistics:
 471 PDF objects out of 1000 (max. 8388607)
 434 compressed objects within 5 object streams
 90 named destinations out of 1000 (max. 500000)
 31569 words of extra memory for PDF output out of 35830 (max. 10000000)

