\BOOKMARK [1][-]{section.1}{\376\377\000A\000u\000s\000g\000a\000n\000g\000s\000s\000i\000t\000u\000a\000t\000i\000o\000n\000\040\000u\000n\000d\000\040\000Z\000i\000e\000l\000s\000e\000t\000z\000u\000n\000g}{}% 1
\BOOKMARK [1][-]{section.2}{\376\377\000L\000\366\000s\000u\000n\000g\000s\000a\000n\000s\000a\000t\000z\000\040\0001\000:\000\040\000S\000h\000a\000p\000e\000-\000f\000r\000o\000m\000-\000S\000h\000a\000d\000i\000n\000g\000\040\000u\000n\000d\000\040\000k\000o\000n\000t\000r\000o\000l\000l\000i\000e\000r\000t\000e\000\040\000B\000e\000l\000e\000u\000c\000h\000t\000u\000n\000g}{}% 2
\BOOKMARK [2][-]{subsection.2.1}{\376\377\000G\000r\000u\000n\000d\000i\000d\000e\000e}{section.2}% 3
\BOOKMARK [2][-]{subsection.2.2}{\376\377\000R\000e\000l\000e\000v\000a\000n\000z\000\040\000f\000\374\000r\000\040\000m\000e\000t\000a\000l\000l\000i\000s\000c\000h\000e\000\040\000O\000b\000e\000r\000f\000l\000\344\000c\000h\000e\000n}{section.2}% 4
\BOOKMARK [2][-]{subsection.2.3}{\376\377\000P\000a\000t\000c\000h\000-\000V\000e\000r\000a\000r\000b\000e\000i\000t\000u\000n\000g\000\040\000b\000e\000i\000\040\000k\000l\000e\000i\000n\000e\000n\000\040\000D\000e\000f\000e\000k\000t\000e\000n}{section.2}% 5
\BOOKMARK [2][-]{subsection.2.4}{\376\377\000M\000\366\000g\000l\000i\000c\000h\000e\000\040\000P\000r\000o\000b\000l\000e\000m\000e}{section.2}% 6
\BOOKMARK [1][-]{section.3}{\376\377\000L\000\366\000s\000u\000n\000g\000s\000a\000n\000s\000a\000t\000z\000\040\0002\000:\000\040\000C\000N\000N\000-\000b\000a\000s\000i\000e\000r\000t\000e\000\040\000K\000l\000a\000s\000s\000i\000f\000i\000k\000a\000t\000i\000o\000n\000\040\000u\000n\000d\000\040\000T\000r\000a\000n\000s\000f\000e\000r\000\040\000L\000e\000a\000r\000n\000i\000n\000g}{}% 7
\BOOKMARK [2][-]{subsection.3.1}{\376\377\000G\000r\000u\000n\000d\000i\000d\000e\000e}{section.3}% 8
\BOOKMARK [2][-]{subsection.3.2}{\376\377\000T\000r\000a\000n\000s\000f\000e\000r\000\040\000L\000e\000a\000r\000n\000i\000n\000g}{section.3}% 9
\BOOKMARK [2][-]{subsection.3.3}{\376\377\000M\000\366\000g\000l\000i\000c\000h\000e\000\040\000P\000r\000o\000b\000l\000e\000m\000e}{section.3}% 10
\BOOKMARK [1][-]{section.4}{\376\377\000L\000\366\000s\000u\000n\000g\000s\000a\000n\000s\000a\000t\000z\000\040\0003\000:\000\040\000E\000i\000n\000s\000t\000u\000f\000i\000g\000e\000\040\000O\000b\000j\000e\000k\000t\000d\000e\000t\000e\000k\000t\000i\000o\000n\000\040\000m\000i\000t\000\040\000Y\000O\000L\000O}{}% 11
\BOOKMARK [2][-]{subsection.4.1}{\376\377\000G\000r\000u\000n\000d\000i\000d\000e\000e}{section.4}% 12
\BOOKMARK [2][-]{subsection.4.2}{\376\377\000A\000n\000p\000a\000s\000s\000u\000n\000g\000e\000n\000\040\000f\000\374\000r\000\040\000O\000b\000e\000r\000f\000l\000\344\000c\000h\000e\000n\000d\000e\000f\000e\000k\000t\000e}{section.4}% 13
\BOOKMARK [2][-]{subsection.4.3}{\376\377\000M\000\366\000g\000l\000i\000c\000h\000e\000\040\000P\000r\000o\000b\000l\000e\000m\000e}{section.4}% 14
\BOOKMARK [1][-]{section.5}{\376\377\000L\000\366\000s\000u\000n\000g\000s\000a\000n\000s\000a\000t\000z\000\040\0004\000:\000\040\000Z\000w\000e\000i\000s\000t\000u\000f\000i\000g\000e\000\040\000D\000e\000t\000e\000k\000t\000i\000o\000n\000\040\000m\000i\000t\000\040\000R\000-\000C\000N\000N\000,\000\040\000F\000a\000s\000t\000e\000r\000\040\000R\000-\000C\000N\000N\000\040\000u\000n\000d\000\040\000M\000a\000s\000k\000\040\000R\000-\000C\000N\000N}{}% 15
\BOOKMARK [2][-]{subsection.5.1}{\376\377\000G\000r\000u\000n\000d\000i\000d\000e\000e}{section.5}% 16
\BOOKMARK [2][-]{subsection.5.2}{\376\377\000A\000n\000p\000a\000s\000s\000u\000n\000g\000e\000n\000\040\000f\000\374\000r\000\040\000m\000e\000t\000a\000l\000l\000i\000s\000c\000h\000e\000\040\000O\000b\000e\000r\000f\000l\000\344\000c\000h\000e\000n}{section.5}% 17
\BOOKMARK [2][-]{subsection.5.3}{\376\377\000M\000\366\000g\000l\000i\000c\000h\000e\000\040\000P\000r\000o\000b\000l\000e\000m\000e}{section.5}% 18
\BOOKMARK [1][-]{section.6}{\376\377\000L\000\366\000s\000u\000n\000g\000s\000a\000n\000s\000a\000t\000z\000\040\0005\000:\000\040\000T\000r\000a\000n\000s\000f\000o\000r\000m\000e\000r\000-\000\040\000u\000n\000d\000\040\000V\000i\000s\000i\000o\000n\000-\000T\000r\000a\000n\000s\000f\000o\000r\000m\000e\000r\000-\000b\000a\000s\000i\000e\000r\000t\000e\000\040\000M\000o\000d\000e\000l\000l\000e}{}% 19
\BOOKMARK [2][-]{subsection.6.1}{\376\377\000G\000r\000u\000n\000d\000i\000d\000e\000e}{section.6}% 20
\BOOKMARK [2][-]{subsection.6.2}{\376\377\000N\000u\000t\000z\000e\000n\000\040\000f\000\374\000r\000\040\000K\000r\000a\000t\000z\000e\000r\000e\000r\000k\000e\000n\000n\000u\000n\000g}{section.6}% 21
\BOOKMARK [2][-]{subsection.6.3}{\376\377\000V\000a\000r\000i\000a\000n\000t\000e\000n\000:\000\040\000S\000w\000i\000n\000\040\000T\000r\000a\000n\000s\000f\000o\000r\000m\000e\000r\000\040\000u\000n\000d\000\040\000D\000E\000T\000R}{section.6}% 22
\BOOKMARK [2][-]{subsection.6.4}{\376\377\000M\000\366\000g\000l\000i\000c\000h\000e\000\040\000P\000r\000o\000b\000l\000e\000m\000e}{section.6}% 23
\BOOKMARK [1][-]{section.7}{\376\377\000L\000\366\000s\000u\000n\000g\000s\000a\000n\000s\000a\000t\000z\000\040\0006\000:\000\040\000F\000e\000a\000t\000u\000r\000e\000-\000P\000y\000r\000a\000m\000i\000d\000-\000\040\000u\000n\000d\000\040\000M\000u\000l\000t\000i\000-\000S\000c\000a\000l\000e\000-\000A\000n\000s\000\344\000t\000z\000e}{}% 24
\BOOKMARK [2][-]{subsection.7.1}{\376\377\000G\000r\000u\000n\000d\000i\000d\000e\000e}{section.7}% 25
\BOOKMARK [2][-]{subsection.7.2}{\376\377\000R\000e\000l\000e\000v\000a\000n\000z\000\040\000f\000\374\000r\000\040\000k\000l\000e\000i\000n\000e\000\040\000K\000r\000a\000t\000z\000e\000r}{section.7}% 26
\BOOKMARK [2][-]{subsection.7.3}{\376\377\000M\000\366\000g\000l\000i\000c\000h\000e\000\040\000P\000r\000o\000b\000l\000e\000m\000e}{section.7}% 27
\BOOKMARK [1][-]{section.8}{\376\377\000L\000\366\000s\000u\000n\000g\000s\000a\000n\000s\000a\000t\000z\000\040\0007\000:\000\040\000U\000n\000\374\000b\000e\000r\000w\000a\000c\000h\000t\000e\000\040\000A\000n\000o\000m\000a\000l\000i\000e\000e\000r\000k\000e\000n\000n\000u\000n\000g\000\040\000m\000i\000t\000\040\000E\000f\000f\000i\000c\000i\000e\000n\000t\000A\000D}{}% 28
\BOOKMARK [2][-]{subsection.8.1}{\376\377\000G\000r\000u\000n\000d\000i\000d\000e\000e}{section.8}% 29
\BOOKMARK [2][-]{subsection.8.2}{\376\377\000L\000e\000i\000s\000t\000u\000n\000g\000\040\000u\000n\000d\000\040\000E\000c\000h\000t\000z\000e\000i\000t\000f\000\344\000h\000i\000g\000k\000e\000i\000t}{section.8}% 30
\BOOKMARK [2][-]{subsection.8.3}{\376\377\000M\000\366\000g\000l\000i\000c\000h\000e\000\040\000P\000r\000o\000b\000l\000e\000m\000e}{section.8}% 31
\BOOKMARK [1][-]{section.9}{\376\377\000D\000a\000t\000e\000n\000s\000\344\000t\000z\000e}{}% 32
\BOOKMARK [2][-]{subsection.9.1}{\376\377\000\334\000b\000e\000r\000b\000l\000i\000c\000k}{section.9}% 33
\BOOKMARK [2][-]{subsection.9.2}{\376\377\000B\000e\000w\000e\000r\000t\000u\000n\000g\000\040\000d\000e\000r\000\040\000D\000a\000t\000e\000n\000s\000\344\000t\000z\000e\000\040\000f\000\374\000r\000\040\000d\000a\000s\000\040\000e\000i\000g\000e\000n\000e\000\040\000P\000r\000o\000j\000e\000k\000t}{section.9}% 34
\BOOKMARK [1][-]{section.10}{\376\377\000A\000b\000g\000e\000l\000e\000i\000t\000e\000t\000e\000\040\000A\000n\000f\000o\000r\000d\000e\000r\000u\000n\000g\000e\000n\000\040\000a\000n\000\040\000d\000a\000s\000\040\000e\000i\000g\000e\000n\000e\000\040\000S\000y\000s\000t\000e\000m}{}% 35
\BOOKMARK [2][-]{subsection.10.1}{\376\377\000A\000n\000f\000o\000r\000d\000e\000r\000u\000n\000g\000e\000n\000\040\000a\000n\000\040\000B\000i\000l\000d\000a\000u\000f\000n\000a\000h\000m\000e\000\040\000u\000n\000d\000\040\000P\000r\000\374\000f\000a\000u\000f\000b\000a\000u}{section.10}% 36
\BOOKMARK [2][-]{subsection.10.2}{\376\377\000A\000n\000f\000o\000r\000d\000e\000r\000u\000n\000g\000e\000n\000\040\000a\000n\000\040\000D\000a\000t\000e\000n\000\040\000u\000n\000d\000\040\000A\000n\000n\000o\000t\000a\000t\000i\000o\000n}{section.10}% 37
\BOOKMARK [2][-]{subsection.10.3}{\376\377\000A\000n\000f\000o\000r\000d\000e\000r\000u\000n\000g\000e\000n\000\040\000a\000n\000\040\000M\000o\000d\000e\000l\000l\000w\000a\000h\000l\000\040\000u\000n\000d\000\040\000P\000i\000p\000e\000l\000i\000n\000e}{section.10}% 38
\BOOKMARK [2][-]{subsection.10.4}{\376\377\000A\000n\000f\000o\000r\000d\000e\000r\000u\000n\000g\000e\000n\000\040\000a\000n\000\040\000E\000v\000a\000l\000u\000a\000t\000i\000o\000n}{section.10}% 39
\BOOKMARK [1][-]{section.11}{\376\377\000V\000e\000r\000g\000l\000e\000i\000c\000h\000\040\000d\000e\000r\000\040\000L\000\366\000s\000u\000n\000g\000s\000a\000n\000s\000\344\000t\000z\000e}{}% 40
\BOOKMARK [1][-]{section.12}{\376\377\000E\000m\000p\000f\000o\000h\000l\000e\000n\000e\000\040\000P\000r\000o\000j\000e\000k\000t\000s\000t\000r\000a\000t\000e\000g\000i\000e}{}% 41
\BOOKMARK [1][-]{section.13}{\376\377\000F\000a\000z\000i\000t}{}% 42
